{"D:\\microverse-repos\\todo-list-with-webpack\\src\\crudOps.js": {"path":"D:\\microverse-repos\\todo-list-with-webpack\\src\\crudOps.js","statementMap":{"0":{"start":{"line":3,"column":20},"end":{"line":3,"column":73}},"1":{"start":{"line":3,"column":26},"end":{"line":3,"column":73}},"2":{"start":{"line":6,"column":19},"end":{"line":11,"column":3}},"3":{"start":{"line":7,"column":18},"end":{"line":7,"column":33}},"4":{"start":{"line":8,"column":4},"end":{"line":8,"column":21}},"5":{"start":{"line":10,"column":4},"end":{"line":10,"column":57}},"6":{"start":{"line":14,"column":23},"end":{"line":16,"column":3}},"7":{"start":{"line":15,"column":4},"end":{"line":15,"column":57}},"8":{"start":{"line":19,"column":23},"end":{"line":26,"column":3}},"9":{"start":{"line":20,"column":22},"end":{"line":20,"column":24}},"10":{"start":{"line":21,"column":4},"end":{"line":24,"column":7}},"11":{"start":{"line":22,"column":6},"end":{"line":22,"column":29}},"12":{"start":{"line":23,"column":6},"end":{"line":23,"column":43}},"13":{"start":{"line":25,"column":4},"end":{"line":25,"column":23}},"14":{"start":{"line":29,"column":22},"end":{"line":34,"column":3}},"15":{"start":{"line":30,"column":18},"end":{"line":30,"column":33}},"16":{"start":{"line":31,"column":21},"end":{"line":31,"column":63}},"17":{"start":{"line":31,"column":44},"end":{"line":31,"column":62}},"18":{"start":{"line":33,"column":4},"end":{"line":33,"column":78}},"19":{"start":{"line":37,"column":22},"end":{"line":37,"column":63}},"20":{"start":{"line":38,"column":20},"end":{"line":67,"column":1}},"21":{"start":{"line":39,"column":2},"end":{"line":39,"column":31}},"22":{"start":{"line":40,"column":16},"end":{"line":40,"column":32}},"23":{"start":{"line":41,"column":2},"end":{"line":66,"column":5}},"24":{"start":{"line":42,"column":21},"end":{"line":42,"column":50}},"25":{"start":{"line":43,"column":4},"end":{"line":43,"column":60}},"26":{"start":{"line":44,"column":4},"end":{"line":63,"column":4}},"27":{"start":{"line":65,"column":4},"end":{"line":65,"column":40}},"28":{"start":{"line":69,"column":19},"end":{"line":86,"column":1}},"29":{"start":{"line":71,"column":22},"end":{"line":71,"column":63}},"30":{"start":{"line":72,"column":2},"end":{"line":72,"column":27}},"31":{"start":{"line":72,"column":20},"end":{"line":72,"column":27}},"32":{"start":{"line":75,"column":15},"end":{"line":79,"column":3}},"33":{"start":{"line":82,"column":2},"end":{"line":82,"column":22}},"34":{"start":{"line":85,"column":2},"end":{"line":85,"column":16}},"35":{"start":{"line":88,"column":20},"end":{"line":97,"column":1}},"36":{"start":{"line":89,"column":2},"end":{"line":96,"column":5}},"37":{"start":{"line":90,"column":18},"end":{"line":90,"column":34}},"38":{"start":{"line":91,"column":20},"end":{"line":91,"column":36}},"39":{"start":{"line":92,"column":17},"end":{"line":92,"column":61}},"40":{"start":{"line":92,"column":38},"end":{"line":92,"column":60}},"41":{"start":{"line":93,"column":4},"end":{"line":93,"column":39}},"42":{"start":{"line":95,"column":4},"end":{"line":95,"column":29}}},"fnMap":{"0":{"name":"(anonymous_0)","decl":{"start":{"line":3,"column":20},"end":{"line":3,"column":21}},"loc":{"start":{"line":3,"column":26},"end":{"line":3,"column":73}},"line":3},"1":{"name":"(anonymous_1)","decl":{"start":{"line":6,"column":19},"end":{"line":6,"column":20}},"loc":{"start":{"line":6,"column":29},"end":{"line":11,"column":3}},"line":6},"2":{"name":"(anonymous_2)","decl":{"start":{"line":14,"column":23},"end":{"line":14,"column":24}},"loc":{"start":{"line":14,"column":34},"end":{"line":16,"column":3}},"line":14},"3":{"name":"(anonymous_3)","decl":{"start":{"line":19,"column":23},"end":{"line":19,"column":24}},"loc":{"start":{"line":19,"column":34},"end":{"line":26,"column":3}},"line":19},"4":{"name":"(anonymous_4)","decl":{"start":{"line":21,"column":18},"end":{"line":21,"column":19}},"loc":{"start":{"line":21,"column":39},"end":{"line":24,"column":5}},"line":21},"5":{"name":"(anonymous_5)","decl":{"start":{"line":29,"column":22},"end":{"line":29,"column":23}},"loc":{"start":{"line":29,"column":31},"end":{"line":34,"column":3}},"line":29},"6":{"name":"(anonymous_6)","decl":{"start":{"line":31,"column":34},"end":{"line":31,"column":35}},"loc":{"start":{"line":31,"column":44},"end":{"line":31,"column":62}},"line":31},"7":{"name":"(anonymous_7)","decl":{"start":{"line":38,"column":20},"end":{"line":38,"column":21}},"loc":{"start":{"line":38,"column":26},"end":{"line":67,"column":1}},"line":38},"8":{"name":"(anonymous_8)","decl":{"start":{"line":41,"column":16},"end":{"line":41,"column":17}},"loc":{"start":{"line":41,"column":55},"end":{"line":66,"column":3}},"line":41},"9":{"name":"(anonymous_9)","decl":{"start":{"line":69,"column":19},"end":{"line":69,"column":20}},"loc":{"start":{"line":69,"column":25},"end":{"line":86,"column":1}},"line":69},"10":{"name":"(anonymous_10)","decl":{"start":{"line":88,"column":20},"end":{"line":88,"column":21}},"loc":{"start":{"line":88,"column":28},"end":{"line":97,"column":1}},"line":88},"11":{"name":"(anonymous_11)","decl":{"start":{"line":89,"column":31},"end":{"line":89,"column":32}},"loc":{"start":{"line":89,"column":37},"end":{"line":96,"column":3}},"line":89},"12":{"name":"(anonymous_12)","decl":{"start":{"line":92,"column":28},"end":{"line":92,"column":29}},"loc":{"start":{"line":92,"column":38},"end":{"line":92,"column":60}},"line":92}},"branchMap":{"0":{"loc":{"start":{"line":3,"column":26},"end":{"line":3,"column":73}},"type":"binary-expr","locations":[{"start":{"line":3,"column":26},"end":{"line":3,"column":67}},{"start":{"line":3,"column":71},"end":{"line":3,"column":73}}],"line":3},"1":{"loc":{"start":{"line":72,"column":2},"end":{"line":72,"column":27}},"type":"if","locations":[{"start":{"line":72,"column":2},"end":{"line":72,"column":27}},{"start":{},"end":{}}],"line":72}},"s":{"0":1,"1":3,"2":1,"3":2,"4":2,"5":2,"6":1,"7":0,"8":1,"9":1,"10":1,"11":0,"12":0,"13":1,"14":1,"15":1,"16":1,"17":1,"18":1,"19":1,"20":1,"21":0,"22":0,"23":0,"24":0,"25":0,"26":0,"27":0,"28":1,"29":1,"30":0,"31":0,"32":0,"33":0,"34":0,"35":1,"36":0,"37":0,"38":0,"39":0,"40":0,"41":0,"42":0},"f":{"0":3,"1":2,"2":0,"3":1,"4":0,"5":1,"6":1,"7":0,"8":0,"9":1,"10":0,"11":0,"12":0},"b":{"0":[3,0],"1":[0,0]},"_coverageSchema":"1a1c01bbd47fc00a2c39e90264f33305004495a9","hash":"3ccdfca838d94483dbf9e5798895120e371216b1"}
}
