TN:
SF:src\crudOps.js
FN:3,(anonymous_0)
FN:6,(anonymous_1)
FN:14,(anonymous_2)
FN:19,(anonymous_3)
FN:21,(anonymous_4)
FN:29,(anonymous_5)
FN:31,(anonymous_6)
FN:38,(anonymous_7)
FN:41,(anonymous_8)
FN:69,(anonymous_9)
FN:88,(anonymous_10)
FN:89,(anonymous_11)
FN:92,(anonymous_12)
FNF:13
FNH:6
FNDA:3,(anonymous_0)
FNDA:2,(anonymous_1)
FNDA:0,(anonymous_2)
FNDA:1,(anonymous_3)
FNDA:0,(anonymous_4)
FNDA:1,(anonymous_5)
FNDA:1,(anonymous_6)
FNDA:0,(anonymous_7)
FNDA:0,(anonymous_8)
FNDA:1,(anonymous_9)
FNDA:0,(anonymous_10)
FNDA:0,(anonymous_11)
FNDA:0,(anonymous_12)
DA:3,3
DA:6,1
DA:7,2
DA:8,2
DA:10,2
DA:14,1
DA:15,0
DA:19,1
DA:20,1
DA:21,1
DA:22,0
DA:23,0
DA:25,1
DA:29,1
DA:30,1
DA:31,1
DA:33,1
DA:37,1
DA:38,1
DA:39,0
DA:40,0
DA:41,0
DA:42,0
DA:43,0
DA:44,0
DA:65,0
DA:69,1
DA:71,1
DA:72,0
DA:75,0
DA:82,0
DA:85,0
DA:88,1
DA:89,0
DA:90,0
DA:91,0
DA:92,0
DA:93,0
DA:95,0
LF:39
LH:19
BRDA:3,0,0,3
BRDA:3,0,1,0
BRDA:72,1,0,0
BRDA:72,1,1,0
BRF:4
BRH:1
end_of_record
